
 Log information for the data set run1_1.dat >>

 alpha = 0.05 sepVal = 0.01

 Number of clusters >> 3

 cluster sizes >>
154 181 99

 Number of data points >> 434

 Number of dimensions >> 2

 Number of noisy dimensions >> 0

 noisy variables >>
0

 Number of outliers >> 0

 initial eigenvalues for each cluster >> 
 (rows correspond to clusters)
8.042 4.001
6.706 1.136
2.861 2.109

 Mean vectors and covariance matrices before rotation --- 1th cluster >>

 mean vector (mu'=Q*mu)>>
-4.611 0

 covariance matrix (Sigma'=Q*Sigma*t(Q))>>

4.225 0.925
0.925 7.818

 Mean vectors and covariance matrices before rotation --- 2th cluster >>

 mean vector (mu'=Q*mu)>>
4.611 0

 covariance matrix (Sigma'=Q*Sigma*t(Q))>>

6.701 0.175
0.175 1.142

 Mean vectors and covariance matrices before rotation --- 3th cluster >>

 mean vector (mu'=Q*mu)>>
0 7.987

 covariance matrix (Sigma'=Q*Sigma*t(Q))>>

2.742 0.359
0.359 3.312

 Final eigenvalues for each cluster >> 
 (rows correspond to clusters)
8.042 4.001
6.706 1.136
3.485 2.569

 *************************************************

 ********************* rotation ******************

 *************************************************


 The orthogonal matrix Q >>
0.999 0.051
0.051 -0.999

 Mean vectors and covariance matrices after rotation --- 1th cluster >>

 mean vector (mu'=Q*mu)>>
-0.237 -4.605

 covariance matrix (Sigma'=Q*Sigma*t(Q))>>

7.713 -1.104
-1.104 4.329

 Mean vectors and covariance matrices after rotation --- 2th cluster >>

 mean vector (mu'=Q*mu)>>
0.237 4.605

 covariance matrix (Sigma'=Q*Sigma*t(Q))>>

1.138 0.111
0.111 6.704

 Mean vectors and covariance matrices after rotation --- 3th cluster >>

 mean vector (mu'=Q*mu)>>
-7.976 0.411

 covariance matrix (Sigma'=Q*Sigma*t(Q))>>

3.274 -0.386
-0.386 2.781

 Final eigenvalues for each cluster >> 
 (rows correspond to clusters)
8.042 4.001
6.706 1.136
3.485 2.569

 theoretical Separation index matrix >>

-1 0.01 0.01
0.01 -1 0.212
0.01 0.212 -1

 theoretical projection directions >>

**** cluster 1 and 2
0.172 0.985

**** cluster 1 and 3
-0.751 0.66

**** cluster 2 and 3
-0.978 -0.211

 empirical Separation index matrix (alpha= 0.05 )>>

-1 0.026 0.007
0.026 -1 0.229
0.007 0.229 -1

 empirical projection directions >>

**** cluster 1 and 2
0.206 0.979

**** cluster 1 and 3
-0.73 0.683

**** cluster 2 and 3
-0.979 -0.205
