
 Log information for the data set run13_1.dat >>

 alpha = 0.05 sepVal = 0.01

 Number of clusters >> 5

 cluster sizes >>
3 9 12 18 50

 Number of data points >> 92

 Number of dimensions >> 2

 Number of noisy dimensions >> 0

 noisy variables >>
0

 Number of outliers >> 0

 initial eigenvalues for each cluster >> 
 (rows correspond to clusters)
3.033 1.999
8.525 2.544
5.479 4.073
2.006 8.228
3.051 3.621

 Mean vectors and covariance matrices before rotation --- 1th cluster >>

 mean vector (mu'=Q*mu)>>
-4.676 0

 covariance matrix (Sigma'=Q*Sigma*t(Q))>>

5.503 0.921
0.921 4.56

 Mean vectors and covariance matrices before rotation --- 2th cluster >>

 mean vector (mu'=Q*mu)>>
4.676 0

 covariance matrix (Sigma'=Q*Sigma*t(Q))>>

6.932 3.291
3.291 5.527

 Mean vectors and covariance matrices before rotation --- 3th cluster >>

 mean vector (mu'=Q*mu)>>
0 8.099

 covariance matrix (Sigma'=Q*Sigma*t(Q))>>

4.155 0.33
0.33 5.397

 Mean vectors and covariance matrices before rotation --- 4th cluster >>

 mean vector (mu'=Q*mu)>>
14.028 0

 covariance matrix (Sigma'=Q*Sigma*t(Q))>>

4.202 -2.973
-2.973 6.032

 Mean vectors and covariance matrices before rotation --- 5th cluster >>

 mean vector (mu'=Q*mu)>>
9.352 8.099

 covariance matrix (Sigma'=Q*Sigma*t(Q))>>

3.52 -0.218
-0.218 3.152

 Final eigenvalues for each cluster >> 
 (rows correspond to clusters)
6.066 3.997
9.595 2.864
5.479 4.073
8.228 2.006
3.621 3.051

 *************************************************

 ********************* rotation ******************

 *************************************************


 The orthogonal matrix Q >>
0.629 0.777
0.777 -0.629

 Mean vectors and covariance matrices after rotation --- 1th cluster >>

 mean vector (mu'=Q*mu)>>
-3.635 -2.941

 covariance matrix (Sigma'=Q*Sigma*t(Q))>>

4.229 0.653
0.653 5.834

 Mean vectors and covariance matrices after rotation --- 2th cluster >>

 mean vector (mu'=Q*mu)>>
3.635 2.941

 covariance matrix (Sigma'=Q*Sigma*t(Q))>>

3.157 1.374
1.374 9.302

 Mean vectors and covariance matrices after rotation --- 3th cluster >>

 mean vector (mu'=Q*mu)>>
-5.094 6.296

 covariance matrix (Sigma'=Q*Sigma*t(Q))>>

4.324 -0.538
-0.538 5.229

 Mean vectors and covariance matrices after rotation --- 4th cluster >>

 mean vector (mu'=Q*mu)>>
10.906 8.823

 covariance matrix (Sigma'=Q*Sigma*t(Q))>>

7.834 -1.516
-1.516 2.4

 Mean vectors and covariance matrices after rotation --- 5th cluster >>

 mean vector (mu'=Q*mu)>>
2.176 12.179

 covariance matrix (Sigma'=Q*Sigma*t(Q))>>

3.588 0.134
0.134 3.084

 Final eigenvalues for each cluster >> 
 (rows correspond to clusters)
6.066 3.997
9.595 2.864
5.479 4.073
8.228 2.006
3.621 3.051

 theoretical Separation index matrix >>

-1 0.016 0.01 0.383 0.32
0.016 -1 0.104 0.01 0.018
0.01 0.104 -1 0.286 0.099
0.383 0.01 0.286 -1 0.01
0.32 0.018 0.099 0.01 -1

 theoretical projection directions >>

**** cluster 1 and 2
0.961 0.278

**** cluster 1 and 3
-0.212 0.977

**** cluster 1 and 4
0.6 0.8

**** cluster 1 and 5
0.325 0.946

**** cluster 2 and 3
-0.97 0.244

**** cluster 2 and 4
0.74 0.673

**** cluster 2 and 5
-0.391 0.921

**** cluster 3 and 4
0.905 0.426

**** cluster 3 and 5
0.784 0.621

**** cluster 4 and 5
-0.866 0.499

 empirical Separation index matrix (alpha= 0.05 )>>

-1 -0.072 0.269 0.337 0.448
-0.072 -1 0.322 0.154 0.099
0.269 0.322 -1 0.422 0.155
0.337 0.154 0.422 -1 0.054
0.448 0.099 0.155 0.054 -1

 empirical projection directions >>

**** cluster 1 and 2
0.928 0.372

**** cluster 1 and 3
-0.33 0.944

**** cluster 1 and 4
0.425 0.905

**** cluster 1 and 5
-0.221 0.975

**** cluster 2 and 3
-0.991 0.136

**** cluster 2 and 4
0.83 0.558

**** cluster 2 and 5
-0.325 0.946

**** cluster 3 and 4
0.967 0.255

**** cluster 3 and 5
0.912 0.41

**** cluster 4 and 5
-0.951 0.309
