
 Log information for the data set run10_1.dat >>

 alpha = 0.05 sepVal = -0.75

 Number of clusters >> 5

 cluster sizes >>
115 82 155 110 44

 Number of data points >> 506

 Number of dimensions >> 2

 Number of noisy dimensions >> 0

 noisy variables >>
0

 Number of outliers >> 0

 initial eigenvalues for each cluster >> 
 (rows correspond to clusters)
8.216 7.98
7.77 1.073
8.441 9.599
4.869 5.932
4.308 9.934

 Mean vectors and covariance matrices before rotation --- 1th cluster >>

 mean vector (mu'=Q*mu)>>
-0.824 0

 covariance matrix (Sigma'=Q*Sigma*t(Q))>>

8.009 0.078
0.078 8.187

 Mean vectors and covariance matrices before rotation --- 2th cluster >>

 mean vector (mu'=Q*mu)>>
0.824 0

 covariance matrix (Sigma'=Q*Sigma*t(Q))>>

11.074 4.534
4.534 4.062

 Mean vectors and covariance matrices before rotation --- 3th cluster >>

 mean vector (mu'=Q*mu)>>
0 1.428

 covariance matrix (Sigma'=Q*Sigma*t(Q))>>

8.464 -0.163
-0.163 9.576

 Mean vectors and covariance matrices before rotation --- 4th cluster >>

 mean vector (mu'=Q*mu)>>
2.473 0

 covariance matrix (Sigma'=Q*Sigma*t(Q))>>

7.245 -0.692
-0.692 7.017

 Mean vectors and covariance matrices before rotation --- 5th cluster >>

 mean vector (mu'=Q*mu)>>
1.649 1.428

 covariance matrix (Sigma'=Q*Sigma*t(Q))>>

4.927 -1.76
-1.76 9.315

 Final eigenvalues for each cluster >> 
 (rows correspond to clusters)
8.216 7.98
13.3 1.836
9.599 8.441
7.833 6.429
9.934 4.308

 *************************************************

 ********************* rotation ******************

 *************************************************


 The orthogonal matrix Q >>
0.803 0.596
0.596 -0.803

 Mean vectors and covariance matrices after rotation --- 1th cluster >>

 mean vector (mu'=Q*mu)>>
-0.491 -0.662

 covariance matrix (Sigma'=Q*Sigma*t(Q))>>

8.049 -0.108
-0.108 8.147

 Mean vectors and covariance matrices after rotation --- 2th cluster >>

 mean vector (mu'=Q*mu)>>
0.491 0.662

 covariance matrix (Sigma'=Q*Sigma*t(Q))>>

2.212 2.041
2.041 12.924

 Mean vectors and covariance matrices after rotation --- 3th cluster >>

 mean vector (mu'=Q*mu)>>
-1.147 0.851

 covariance matrix (Sigma'=Q*Sigma*t(Q))>>

9.338 -0.484
-0.484 8.703

 Mean vectors and covariance matrices after rotation --- 4th cluster >>

 mean vector (mu'=Q*mu)>>
1.473 1.986

 covariance matrix (Sigma'=Q*Sigma*t(Q))>>

7.761 0.31
0.31 6.501

 Mean vectors and covariance matrices after rotation --- 5th cluster >>

 mean vector (mu'=Q*mu)>>
-0.164 2.175

 covariance matrix (Sigma'=Q*Sigma*t(Q))>>

9.442 -1.589
-1.589 4.8

 Final eigenvalues for each cluster >> 
 (rows correspond to clusters)
8.216 7.98
13.3 1.836
9.599 8.441
7.833 6.429
9.934 4.308

 theoretical Separation index matrix >>

-1 -0.75 -0.75 -0.533 -0.545
-0.75 -1 -0.681 -0.748 -0.741
-0.75 -0.681 -1 -0.596 -0.716
-0.533 -0.748 -0.596 -1 -0.75
-0.545 -0.741 -0.716 -0.75 -1

 theoretical projection directions >>

**** cluster 1 and 2
0.848 0.531

**** cluster 1 and 3
-0.365 0.931

**** cluster 1 and 4
0.562 0.827

**** cluster 1 and 5
0.184 0.983

**** cluster 2 and 3
-0.989 0.149

**** cluster 2 and 4
0.828 0.561

**** cluster 2 and 5
-0.571 0.821

**** cluster 3 and 4
0.896 0.444

**** cluster 3 and 5
0.5 0.866

**** cluster 4 and 5
-0.998 0.071

 empirical Separation index matrix (alpha= 0.05 )>>

-1 -0.68 -0.745 -0.507 -0.585
-0.68 -1 -0.67 -0.743 -0.884
-0.745 -0.67 -1 -0.584 -0.708
-0.507 -0.743 -0.584 -1 -0.791
-0.585 -0.884 -0.708 -0.791 -1

 empirical projection directions >>

**** cluster 1 and 2
0.901 0.435

**** cluster 1 and 3
-0.268 0.964

**** cluster 1 and 4
0.679 0.734

**** cluster 1 and 5
0.504 0.864

**** cluster 2 and 3
-0.996 0.085

**** cluster 2 and 4
0.884 0.467

**** cluster 2 and 5
-0.031 1

**** cluster 3 and 4
0.911 0.413

**** cluster 3 and 5
0.846 0.534

**** cluster 4 and 5
-0.807 -0.59
