
 Log information for the data set run3_1.dat >>

 alpha = 0.05 sepVal = 0.25

 Number of clusters >> 5

 cluster sizes >>
71 95 136 109 192

 Number of data points >> 603

 Number of dimensions >> 2

 Number of noisy dimensions >> 0

 noisy variables >>
0

 Number of outliers >> 0

 initial eigenvalues for each cluster >> 
 (rows correspond to clusters)
6.539 6.971
5.935 4.564
8.731 9.825
1.606 3.671
5.413 5.447

 Mean vectors and covariance matrices before rotation --- 1th cluster >>

 mean vector (mu'=Q*mu)>>
-9.066 0

 covariance matrix (Sigma'=Q*Sigma*t(Q))>>

6.963 -0.057
-0.057 6.547

 Mean vectors and covariance matrices before rotation --- 2th cluster >>

 mean vector (mu'=Q*mu)>>
9.066 0

 covariance matrix (Sigma'=Q*Sigma*t(Q))>>

4.829 0.044
0.044 6.277

 Mean vectors and covariance matrices before rotation --- 3th cluster >>

 mean vector (mu'=Q*mu)>>
0 15.703

 covariance matrix (Sigma'=Q*Sigma*t(Q))>>

9.136 -0.529
-0.529 9.42

 Mean vectors and covariance matrices before rotation --- 4th cluster >>

 mean vector (mu'=Q*mu)>>
27.198 0

 covariance matrix (Sigma'=Q*Sigma*t(Q))>>

5.24 -1.667
-1.667 10.348

 Mean vectors and covariance matrices before rotation --- 5th cluster >>

 mean vector (mu'=Q*mu)>>
18.132 15.703

 covariance matrix (Sigma'=Q*Sigma*t(Q))>>

5.413 -0.001
-0.001 5.447

 Final eigenvalues for each cluster >> 
 (rows correspond to clusters)
6.971 6.539
6.278 4.828
9.825 8.731
10.844 4.744
5.447 5.413

 *************************************************

 ********************* rotation ******************

 *************************************************


 The orthogonal matrix Q >>
0.794 0.608
0.608 -0.794

 Mean vectors and covariance matrices after rotation --- 1th cluster >>

 mean vector (mu'=Q*mu)>>
-5.511 -7.199

 covariance matrix (Sigma'=Q*Sigma*t(Q))>>

6.756 0.216
0.216 6.754

 Mean vectors and covariance matrices after rotation --- 2th cluster >>

 mean vector (mu'=Q*mu)>>
5.511 7.199

 covariance matrix (Sigma'=Q*Sigma*t(Q))>>

5.699 -0.71
-0.71 5.406

 Mean vectors and covariance matrices after rotation --- 3th cluster >>

 mean vector (mu'=Q*mu)>>
-12.469 9.545

 covariance matrix (Sigma'=Q*Sigma*t(Q))>>

9.825 0.001
0.001 8.731

 Mean vectors and covariance matrices after rotation --- 4th cluster >>

 mean vector (mu'=Q*mu)>>
16.533 21.596

 covariance matrix (Sigma'=Q*Sigma*t(Q))>>

10.069 -2.031
-2.031 5.518

 Mean vectors and covariance matrices after rotation --- 5th cluster >>

 mean vector (mu'=Q*mu)>>
-1.447 23.943

 covariance matrix (Sigma'=Q*Sigma*t(Q))>>

5.436 -0.016
-0.016 5.424

 Final eigenvalues for each cluster >> 
 (rows correspond to clusters)
6.971 6.539
6.278 4.828
9.825 8.731
10.844 4.744
5.447 5.413

 theoretical Separation index matrix >>

-1 0.313 0.25 0.582 0.529
0.313 -1 0.25 0.35 0.32
0.25 0.25 -1 0.469 0.268
0.582 0.35 0.469 -1 0.25
0.529 0.32 0.268 0.25 -1

 theoretical projection directions >>

**** cluster 1 and 2
0.608 0.794

**** cluster 1 and 3
-0.373 0.928

**** cluster 1 and 4
0.519 0.855

**** cluster 1 and 5
0.114 0.993

**** cluster 2 and 3
-0.996 0.085

**** cluster 2 and 4
0.528 0.849

**** cluster 2 and 5
-0.33 0.944

**** cluster 3 and 4
0.818 0.576

**** cluster 3 and 5
0.582 0.813

**** cluster 4 and 5
-1 0.018

 empirical Separation index matrix (alpha= 0.05 )>>

-1 0.304 0.264 0.6 0.546
0.304 -1 0.266 0.297 0.276
0.264 0.266 -1 0.468 0.251
0.6 0.297 0.468 -1 0.23
0.546 0.276 0.251 0.23 -1

 empirical projection directions >>

**** cluster 1 and 2
0.598 0.801

**** cluster 1 and 3
-0.339 0.941

**** cluster 1 and 4
0.48 0.877

**** cluster 1 and 5
0.108 0.994

**** cluster 2 and 3
-0.996 0.091

**** cluster 2 and 4
0.568 0.823

**** cluster 2 and 5
-0.446 0.895

**** cluster 3 and 4
0.834 0.552

**** cluster 3 and 5
0.644 0.765

**** cluster 4 and 5
-0.999 0.038
