
 Log information for the data set run4_1.dat >>

 alpha = 0.05 sepVal = 0.5

 Number of clusters >> 5

 cluster sizes >>
125 86 74 171 135

 Number of data points >> 591

 Number of dimensions >> 2

 Number of noisy dimensions >> 0

 noisy variables >>
0

 Number of outliers >> 0

 initial eigenvalues for each cluster >> 
 (rows correspond to clusters)
2.313 3.908
2.293 2.351
2.889 5.107
7.644 8.077
4.353 4.589

 Mean vectors and covariance matrices before rotation --- 1th cluster >>

 mean vector (mu'=Q*mu)>>
-14.633 0

 covariance matrix (Sigma'=Q*Sigma*t(Q))>>

7.065 -0.627
-0.627 11.713

 Mean vectors and covariance matrices before rotation --- 2th cluster >>

 mean vector (mu'=Q*mu)>>
14.633 0

 covariance matrix (Sigma'=Q*Sigma*t(Q))>>

4.735 -0.057
-0.057 4.76

 Mean vectors and covariance matrices before rotation --- 3th cluster >>

 mean vector (mu'=Q*mu)>>
0 25.345

 covariance matrix (Sigma'=Q*Sigma*t(Q))>>

3.055 -0.584
-0.584 4.941

 Mean vectors and covariance matrices before rotation --- 4th cluster >>

 mean vector (mu'=Q*mu)>>
43.899 0

 covariance matrix (Sigma'=Q*Sigma*t(Q))>>

7.853 -0.216
-0.216 7.867

 Mean vectors and covariance matrices before rotation --- 5th cluster >>

 mean vector (mu'=Q*mu)>>
29.266 25.345

 covariance matrix (Sigma'=Q*Sigma*t(Q))>>

4.453 -0.117
-0.117 4.488

 Final eigenvalues for each cluster >> 
 (rows correspond to clusters)
11.796 6.982
4.806 4.689
5.107 2.889
8.077 7.644
4.589 4.353

 *************************************************

 ********************* rotation ******************

 *************************************************


 The orthogonal matrix Q >>
0.411 0.912
0.912 -0.411

 Mean vectors and covariance matrices after rotation --- 1th cluster >>

 mean vector (mu'=Q*mu)>>
-6.014 -13.34

 covariance matrix (Sigma'=Q*Sigma*t(Q))>>

10.458 -2.156
-2.156 8.32

 Mean vectors and covariance matrices after rotation --- 2th cluster >>

 mean vector (mu'=Q*mu)>>
6.014 13.34

 covariance matrix (Sigma'=Q*Sigma*t(Q))>>

4.713 -0.047
-0.047 4.782

 Mean vectors and covariance matrices after rotation --- 3th cluster >>

 mean vector (mu'=Q*mu)>>
23.106 -10.416

 covariance matrix (Sigma'=Q*Sigma*t(Q))>>

4.184 -1.093
-1.093 3.811

 Mean vectors and covariance matrices after rotation --- 4th cluster >>

 mean vector (mu'=Q*mu)>>
18.041 40.021

 covariance matrix (Sigma'=Q*Sigma*t(Q))>>

7.703 -0.149
-0.149 8.018

 Mean vectors and covariance matrices after rotation --- 5th cluster >>

 mean vector (mu'=Q*mu)>>
35.133 16.265

 covariance matrix (Sigma'=Q*Sigma*t(Q))>>

4.395 -0.09
-0.09 4.546

 Final eigenvalues for each cluster >> 
 (rows correspond to clusters)
11.796 6.982
4.806 4.689
5.107 2.889
8.077 7.644
4.589 4.353

 theoretical Separation index matrix >>

-1 0.511 0.5 0.691 0.685
0.511 -1 0.544 0.5 0.556
0.5 0.544 -1 0.687 0.591
0.691 0.5 0.687 -1 0.5
0.685 0.556 0.591 0.5 -1

 theoretical projection directions >>

**** cluster 1 and 2
0.447 0.895

**** cluster 1 and 3
0.935 0.355

**** cluster 1 and 4
0.45 0.893

**** cluster 1 and 5
0.752 0.659

**** cluster 2 and 3
0.53 -0.848

**** cluster 2 and 4
0.43 0.903

**** cluster 2 and 5
0.994 0.112

**** cluster 3 and 4
0.028 1

**** cluster 3 and 5
0.481 0.877

**** cluster 4 and 5
0.594 -0.805

 empirical Separation index matrix (alpha= 0.05 )>>

-1 0.531 0.501 0.703 0.69
0.531 -1 0.531 0.511 0.597
0.501 0.531 -1 0.683 0.581
0.703 0.511 0.683 -1 0.498
0.69 0.597 0.581 0.498 -1

 empirical projection directions >>

**** cluster 1 and 2
0.428 0.904

**** cluster 1 and 3
0.925 0.38

**** cluster 1 and 4
0.4 0.917

**** cluster 1 and 5
0.781 0.624

**** cluster 2 and 3
0.567 -0.823

**** cluster 2 and 4
0.437 0.899

**** cluster 2 and 5
0.997 0.074

**** cluster 3 and 4
0.084 0.996

**** cluster 3 and 5
0.592 0.806

**** cluster 4 and 5
0.629 -0.777
