
 Log information for the data set run6_1.dat >>

 alpha = 0.05 sepVal = 0.99

 Number of clusters >> 5

 cluster sizes >>
113 84 116 169 131

 Number of data points >> 613

 Number of dimensions >> 2

 Number of noisy dimensions >> 0

 noisy variables >>
0

 Number of outliers >> 0

 initial eigenvalues for each cluster >> 
 (rows correspond to clusters)
2.895 6.402
4.717 7.443
1.528 7.183
6.785 3.771
7.468 4.825

 Mean vectors and covariance matrices before rotation --- 1th cluster >>

 mean vector (mu'=Q*mu)>>
-1044.135 0

 covariance matrix (Sigma'=Q*Sigma*t(Q))>>

10.897 -3.499
-3.499 8.618

 Mean vectors and covariance matrices before rotation --- 2th cluster >>

 mean vector (mu'=Q*mu)>>
1044.135 0

 covariance matrix (Sigma'=Q*Sigma*t(Q))>>

4.977 -0.8
-0.8 7.184

 Mean vectors and covariance matrices before rotation --- 3th cluster >>

 mean vector (mu'=Q*mu)>>
0 1808.494

 covariance matrix (Sigma'=Q*Sigma*t(Q))>>

3.808 -2.774
-2.774 4.903

 Mean vectors and covariance matrices before rotation --- 4th cluster >>

 mean vector (mu'=Q*mu)>>
3132.404 0

 covariance matrix (Sigma'=Q*Sigma*t(Q))>>

9.881 2.651
2.651 8.961

 Mean vectors and covariance matrices before rotation --- 5th cluster >>

 mean vector (mu'=Q*mu)>>
2088.269 1808.494

 covariance matrix (Sigma'=Q*Sigma*t(Q))>>

7.507 1.556
1.556 7.093

 Final eigenvalues for each cluster >> 
 (rows correspond to clusters)
13.438 6.077
7.443 4.717
7.183 1.528
12.112 6.731
8.869 5.731

 *************************************************

 ********************* rotation ******************

 *************************************************


 The orthogonal matrix Q >>
0.968 0.252
0.252 -0.968

 Mean vectors and covariance matrices after rotation --- 1th cluster >>

 mean vector (mu'=Q*mu)>>
-263.029 -1010.462

 covariance matrix (Sigma'=Q*Sigma*t(Q))>>

10.469 3.611
3.611 9.046

 Mean vectors and covariance matrices after rotation --- 2th cluster >>

 mean vector (mu'=Q*mu)>>
263.029 1010.462

 covariance matrix (Sigma'=Q*Sigma*t(Q))>>

7.434 0.161
0.161 4.727

 Mean vectors and covariance matrices after rotation --- 3th cluster >>

 mean vector (mu'=Q*mu)>>
-1750.171 455.58

 covariance matrix (Sigma'=Q*Sigma*t(Q))>>

6.186 2.155
2.155 2.525

 Mean vectors and covariance matrices after rotation --- 4th cluster >>

 mean vector (mu'=Q*mu)>>
789.087 3031.385

 covariance matrix (Sigma'=Q*Sigma*t(Q))>>

7.727 -2.09
-2.09 11.115

 Mean vectors and covariance matrices after rotation --- 5th cluster >>

 mean vector (mu'=Q*mu)>>
-1224.113 2476.503

 covariance matrix (Sigma'=Q*Sigma*t(Q))>>

6.361 -1.257
-1.257 8.239

 Final eigenvalues for each cluster >> 
 (rows correspond to clusters)
13.438 6.077
7.443 4.717
7.183 1.528
12.112 6.731
8.869 5.731

 theoretical Separation index matrix >>

-1 0.99 0.993 0.994 0.994
0.99 -1 0.99 0.99 0.99
0.993 0.99 -1 0.994 0.991
0.994 0.99 0.994 -1 0.991
0.994 0.99 0.991 0.991 -1

 theoretical projection directions >>

**** cluster 1 and 2
0.012 1

**** cluster 1 and 3
-0.587 0.81

**** cluster 1 and 4
0.209 0.978

**** cluster 1 and 5
-0.386 0.922

**** cluster 2 and 3
-0.978 -0.208

**** cluster 2 and 4
0.332 0.943

**** cluster 2 and 5
-0.675 0.737

**** cluster 3 and 4
0.688 0.726

**** cluster 3 and 5
0.051 0.999

**** cluster 4 and 5
-0.942 -0.336

 empirical Separation index matrix (alpha= 0.05 )>>

-1 0.99 0.993 0.994 0.994
0.99 -1 0.99 0.989 0.99
0.993 0.99 -1 0.994 0.992
0.994 0.989 0.994 -1 0.991
0.994 0.99 0.992 0.991 -1

 empirical projection directions >>

**** cluster 1 and 2
0.012 1

**** cluster 1 and 3
-0.624 0.781

**** cluster 1 and 4
0.349 0.937

**** cluster 1 and 5
-0.358 0.934

**** cluster 2 and 3
-0.997 -0.082

**** cluster 2 and 4
0.349 0.937

**** cluster 2 and 5
-0.682 0.731

**** cluster 3 and 4
0.739 0.673

**** cluster 3 and 5
0.112 0.994

**** cluster 4 and 5
-0.935 -0.355
