
 Log information for the data set run7_1.dat >>

 alpha = 0.05 sepVal = -0.01

 Number of clusters >> 5

 cluster sizes >>
196 99 166 90 129

 Number of data points >> 680

 Number of dimensions >> 2

 Number of noisy dimensions >> 0

 noisy variables >>
0

 Number of outliers >> 0

 initial eigenvalues for each cluster >> 
 (rows correspond to clusters)
7.59 5.043
1.371 6.955
3.56 9.571
1.037 4.07
1.283 3.575

 Mean vectors and covariance matrices before rotation --- 1th cluster >>

 mean vector (mu'=Q*mu)>>
-4.63 0

 covariance matrix (Sigma'=Q*Sigma*t(Q))>>

5.302 0.77
0.77 7.331

 Mean vectors and covariance matrices before rotation --- 2th cluster >>

 mean vector (mu'=Q*mu)>>
4.63 0

 covariance matrix (Sigma'=Q*Sigma*t(Q))>>

6.41 -1.658
-1.658 1.917

 Mean vectors and covariance matrices before rotation --- 3th cluster >>

 mean vector (mu'=Q*mu)>>
0 8.02

 covariance matrix (Sigma'=Q*Sigma*t(Q))>>

9.851 -1.414
-1.414 4.117

 Mean vectors and covariance matrices before rotation --- 4th cluster >>

 mean vector (mu'=Q*mu)>>
13.891 0

 covariance matrix (Sigma'=Q*Sigma*t(Q))>>

8.646 -2.688
-2.688 3.678

 Mean vectors and covariance matrices before rotation --- 5th cluster >>

 mean vector (mu'=Q*mu)>>
9.261 8.02

 covariance matrix (Sigma'=Q*Sigma*t(Q))>>

3.374 -0.648
-0.648 1.484

 Final eigenvalues for each cluster >> 
 (rows correspond to clusters)
7.59 5.043
6.955 1.371
10.181 3.787
9.822 2.502
3.575 1.283

 *************************************************

 ********************* rotation ******************

 *************************************************


 The orthogonal matrix Q >>
0.693 0.721
0.721 -0.693

 Mean vectors and covariance matrices after rotation --- 1th cluster >>

 mean vector (mu'=Q*mu)>>
-3.337 -3.211

 covariance matrix (Sigma'=Q*Sigma*t(Q))>>

5.508 -0.984
-0.984 7.125

 Mean vectors and covariance matrices after rotation --- 2th cluster >>

 mean vector (mu'=Q*mu)>>
3.337 3.211

 covariance matrix (Sigma'=Q*Sigma*t(Q))>>

5.906 2.181
2.181 2.421

 Mean vectors and covariance matrices after rotation --- 3th cluster >>

 mean vector (mu'=Q*mu)>>
-5.561 5.779

 covariance matrix (Sigma'=Q*Sigma*t(Q))>>

8.507 2.811
2.811 5.46

 Mean vectors and covariance matrices after rotation --- 4th cluster >>

 mean vector (mu'=Q*mu)>>
10.01 9.632

 covariance matrix (Sigma'=Q*Sigma*t(Q))>>

8.944 2.379
2.379 3.381

 Mean vectors and covariance matrices after rotation --- 5th cluster >>

 mean vector (mu'=Q*mu)>>
1.112 12.201

 covariance matrix (Sigma'=Q*Sigma*t(Q))>>

3.113 0.92
0.92 1.745

 Final eigenvalues for each cluster >> 
 (rows correspond to clusters)
7.59 5.043
6.955 1.371
10.181 3.787
9.822 2.502
3.575 1.283

 theoretical Separation index matrix >>

-1 -0.01 -0.006 0.29 0.336
-0.01 -1 0.09 -0.01 0.337
-0.006 0.09 -1 0.149 -0.01
0.29 -0.01 0.149 -1 0.132
0.336 0.337 -0.01 0.132 -1

 theoretical projection directions >>

**** cluster 1 and 2
0.658 0.753

**** cluster 1 and 3
-0.341 0.94

**** cluster 1 and 4
0.615 0.789

**** cluster 1 and 5
0.21 0.978

**** cluster 2 and 3
-0.7 0.714

**** cluster 2 and 4
0.141 0.99

**** cluster 2 and 5
-0.389 0.921

**** cluster 3 and 4
0.993 -0.115

**** cluster 3 and 5
0.428 0.904

**** cluster 4 and 5
-0.679 0.734

 empirical Separation index matrix (alpha= 0.05 )>>

-1 -0.02 -0.012 0.275 0.333
-0.02 -1 0.081 -0.018 0.345
-0.012 0.081 -1 0.159 0.045
0.275 -0.018 0.159 -1 0.159
0.333 0.345 0.045 0.159 -1

 empirical projection directions >>

**** cluster 1 and 2
0.707 0.707

**** cluster 1 and 3
-0.294 0.956

**** cluster 1 and 4
0.653 0.757

**** cluster 1 and 5
0.215 0.977

**** cluster 2 and 3
-0.701 0.713

**** cluster 2 and 4
0.15 0.989

**** cluster 2 and 5
-0.369 0.929

**** cluster 3 and 4
0.999 -0.051

**** cluster 3 and 5
0.427 0.904

**** cluster 4 and 5
-0.649 0.761
