
 Log information for the data set run9_1.dat >>

 alpha = 0.05 sepVal = -0.5

 Number of clusters >> 5

 cluster sizes >>
136 77 64 141 54

 Number of data points >> 472

 Number of dimensions >> 2

 Number of noisy dimensions >> 0

 noisy variables >>
0

 Number of outliers >> 0

 initial eigenvalues for each cluster >> 
 (rows correspond to clusters)
5.226 7.162
5.465 9.855
3.772 5.829
4.891 7.35
8.876 1.277

 Mean vectors and covariance matrices before rotation --- 1th cluster >>

 mean vector (mu'=Q*mu)>>
-1.802 0

 covariance matrix (Sigma'=Q*Sigma*t(Q))>>

9.87 -1.56
-1.56 10.23

 Mean vectors and covariance matrices before rotation --- 2th cluster >>

 mean vector (mu'=Q*mu)>>
1.802 0

 covariance matrix (Sigma'=Q*Sigma*t(Q))>>

6.062 -1.505
-1.505 9.258

 Mean vectors and covariance matrices before rotation --- 3th cluster >>

 mean vector (mu'=Q*mu)>>
0 3.121

 covariance matrix (Sigma'=Q*Sigma*t(Q))>>

4.064 -0.718
-0.718 5.537

 Mean vectors and covariance matrices before rotation --- 4th cluster >>

 mean vector (mu'=Q*mu)>>
5.405 0

 covariance matrix (Sigma'=Q*Sigma*t(Q))>>

9.569 -0.621
-0.621 14.176

 Mean vectors and covariance matrices before rotation --- 5th cluster >>

 mean vector (mu'=Q*mu)>>
3.604 3.121

 covariance matrix (Sigma'=Q*Sigma*t(Q))>>

12.453 2.775
2.775 2.625

 Final eigenvalues for each cluster >> 
 (rows correspond to clusters)
11.62 8.48
9.855 5.465
5.829 3.772
14.258 9.487
13.182 1.896

 *************************************************

 ********************* rotation ******************

 *************************************************


 The orthogonal matrix Q >>
0.632 0.775
0.775 -0.632

 Mean vectors and covariance matrices after rotation --- 1th cluster >>

 mean vector (mu'=Q*mu)>>
-1.139 -1.396

 covariance matrix (Sigma'=Q*Sigma*t(Q))>>

8.558 -0.488
-0.488 11.543

 Mean vectors and covariance matrices after rotation --- 2th cluster >>

 mean vector (mu'=Q*mu)>>
1.139 1.396

 covariance matrix (Sigma'=Q*Sigma*t(Q))>>

6.505 -1.867
-1.867 8.815

 Mean vectors and covariance matrices after rotation --- 3th cluster >>

 mean vector (mu'=Q*mu)>>
2.417 -1.974

 covariance matrix (Sigma'=Q*Sigma*t(Q))>>

4.245 -0.865
-0.865 5.356

 Mean vectors and covariance matrices after rotation --- 4th cluster >>

 mean vector (mu'=Q*mu)>>
3.418 4.187

 covariance matrix (Sigma'=Q*Sigma*t(Q))>>

11.725 -2.381
-2.381 12.02

 Mean vectors and covariance matrices after rotation --- 5th cluster >>

 mean vector (mu'=Q*mu)>>
4.696 0.818

 covariance matrix (Sigma'=Q*Sigma*t(Q))>>

9.275 5.369
5.369 5.803

 Final eigenvalues for each cluster >> 
 (rows correspond to clusters)
11.62 8.48
9.855 5.465
5.829 3.772
14.258 9.487
13.182 1.896

 theoretical Separation index matrix >>

-1 -0.5 -0.466 -0.256 -0.331
-0.5 -1 -0.5 -0.5 -0.479
-0.466 -0.5 -1 -0.266 -0.5
-0.256 -0.5 -0.266 -1 -0.48
-0.331 -0.479 -0.5 -0.48 -1

 theoretical projection directions >>

**** cluster 1 and 2
0.746 0.667

**** cluster 1 and 3
0.999 -0.035

**** cluster 1 and 4
0.699 0.715

**** cluster 1 and 5
0.991 0.137

**** cluster 2 and 3
0.265 -0.964

**** cluster 2 and 4
0.705 0.709

**** cluster 2 and 5
0.897 -0.442

**** cluster 3 and 4
0.348 0.937

**** cluster 3 and 5
0.522 0.853

**** cluster 4 and 5
0.477 -0.879

 empirical Separation index matrix (alpha= 0.05 )>>

-1 -0.444 -0.48 -0.225 -0.343
-0.444 -1 -0.506 -0.486 -0.494
-0.48 -0.506 -1 -0.263 -0.493
-0.225 -0.486 -0.263 -1 -0.483
-0.343 -0.494 -0.493 -0.483 -1

 empirical projection directions >>

**** cluster 1 and 2
0.681 0.733

**** cluster 1 and 3
1 -0.002

**** cluster 1 and 4
0.635 0.772

**** cluster 1 and 5
0.985 0.173

**** cluster 2 and 3
0.046 -0.999

**** cluster 2 and 4
0.642 0.767

**** cluster 2 and 5
0.826 -0.564

**** cluster 3 and 4
0.419 0.908

**** cluster 3 and 5
0.655 0.756

**** cluster 4 and 5
0.526 -0.85
